
> vite@0.0.0 build-storybook
> storybook build --output-dir=/var/folders/rn/f8yxj4b16l98ms442mg19l6m0000gn/T/chromatic--80076-0Xb0PVLhfnEy

[1m@storybook/core v8.4.7
[22m
info => Cleaning outputDir: [36m../../../../var/folders/rn/f8yxj4b16l98ms442mg19l6m0000gn/T/chromatic--80076-0Xb0PVLhfnEy[39m
info => Loading presets
info => Building manager..
info => Manager built ([38;2;181;126;229m310 ms[39m)
info => Building preview..
[36mvite v5.0.12 [32mbuilding for production...[36m[39m
transforming...
[32m✓[39m 205 modules transformed.
rendering chunks...
computing gzip size...
[2m../../../../var/folders/rn/f8yxj4b16l98ms442mg19l6m0000gn/T/chromatic--80076-0Xb0PVLhfnEy/[22m[2massets/[22m[32mcontext-tKiKnkuP.png                   [39m[1m[2m    6.12 kB[22m[1m[22m
[2m../../../../var/folders/rn/f8yxj4b16l98ms442mg19l6m0000gn/T/chromatic--80076-0Xb0PVLhfnEy/[22m[2massets/[22m[32mstyling-ZOs40c1G.png                   [39m[1m[2m    7.24 kB[22m[1m[22m
[2m../../../../var/folders/rn/f8yxj4b16l98ms442mg19l6m0000gn/T/chromatic--80076-0Xb0PVLhfnEy/[22m[32miframe.html                                   [39m[1m[2m   16.32 kB[22m[1m[22m[2m │ gzip:   4.44 kB[22m
[2m../../../../var/folders/rn/f8yxj4b16l98ms442mg19l6m0000gn/T/chromatic--80076-0Xb0PVLhfnEy/[22m[2massets/[22m[32mdocs-Pvr7BWzI.png                      [39m[1m[2m   27.88 kB[22m[1m[22m
[2m../../../../var/folders/rn/f8yxj4b16l98ms442mg19l6m0000gn/T/chromatic--80076-0Xb0PVLhfnEy/[22m[2massets/[22m[32mshare-xgPlHEHy.png                     [39m[1m[2m   40.77 kB[22m[1m[22m
[2m../../../../var/folders/rn/f8yxj4b16l98ms442mg19l6m0000gn/T/chromatic--80076-0Xb0PVLhfnEy/[22m[2massets/[22m[32maccessibility-Fv4dmnDm.png             [39m[1m[2m   42.34 kB[22m[1m[22m
[2m../../../../var/folders/rn/f8yxj4b16l98ms442mg19l6m0000gn/T/chromatic--80076-0Xb0PVLhfnEy/[22m[2massets/[22m[32mfigma-plugin-h9oRC4jr.png              [39m[1m[2m   44.25 kB[22m[1m[22m
[2m../../../../var/folders/rn/f8yxj4b16l98ms442mg19l6m0000gn/T/chromatic--80076-0Xb0PVLhfnEy/[22m[2massets/[22m[32mtheming--liSzaFj.png                   [39m[1m[2m   44.37 kB[22m[1m[22m
[2m../../../../var/folders/rn/f8yxj4b16l98ms442mg19l6m0000gn/T/chromatic--80076-0Xb0PVLhfnEy/[22m[2massets/[22m[32mtesting-HG80fZfa.png                   [39m[1m[2m   49.31 kB[22m[1m[22m
[2m../../../../var/folders/rn/f8yxj4b16l98ms442mg19l6m0000gn/T/chromatic--80076-0Xb0PVLhfnEy/[22m[2massets/[22m[32maddon-library-VlAgJsjc.png             [39m[1m[2m  467.37 kB[22m[1m[22m
[2m../../../../var/folders/rn/f8yxj4b16l98ms442mg19l6m0000gn/T/chromatic--80076-0Xb0PVLhfnEy/[22m[2massets/[22m[35mCheckbox-f0mNRiTD.css                  [39m[1m[2m    0.00 kB[22m[1m[22m[2m │ gzip:   0.02 kB[22m
[2m../../../../var/folders/rn/f8yxj4b16l98ms442mg19l6m0000gn/T/chromatic--80076-0Xb0PVLhfnEy/[22m[2massets/[22m[35mAlerts-91BibZ-1.css                    [39m[1m[2m    0.08 kB[22m[1m[22m[2m │ gzip:   0.10 kB[22m
[2m../../../../var/folders/rn/f8yxj4b16l98ms442mg19l6m0000gn/T/chromatic--80076-0Xb0PVLhfnEy/[22m[2massets/[22m[35mTree-OFqMZiV2.css                      [39m[1m[2m    0.20 kB[22m[1m[22m[2m │ gzip:   0.15 kB[22m
[2m../../../../var/folders/rn/f8yxj4b16l98ms442mg19l6m0000gn/T/chromatic--80076-0Xb0PVLhfnEy/[22m[2massets/[22m[35mRangeSlider-Bn22YzZv.css               [39m[1m[2m    1.70 kB[22m[1m[22m[2m │ gzip:   0.34 kB[22m
[2m../../../../var/folders/rn/f8yxj4b16l98ms442mg19l6m0000gn/T/chromatic--80076-0Xb0PVLhfnEy/[22m[2massets/[22m[35mpreview-SDHxiSox.css                   [39m[1m[2m   29.16 kB[22m[1m[22m[2m │ gzip:   5.69 kB[22m
[2m../../../../var/folders/rn/f8yxj4b16l98ms442mg19l6m0000gn/T/chromatic--80076-0Xb0PVLhfnEy/[22m[2massets/[22m[36m_plugin-vue_export-helper-x3n3nnut.js  [39m[1m[2m    0.09 kB[22m[1m[22m[2m │ gzip:   0.10 kB[22m
[2m../../../../var/folders/rn/f8yxj4b16l98ms442mg19l6m0000gn/T/chromatic--80076-0Xb0PVLhfnEy/[22m[2massets/[22m[36mpreview-O_buDTJV.js                    [39m[1m[2m    0.17 kB[22m[1m[22m[2m │ gzip:   0.15 kB[22m
[2m../../../../var/folders/rn/f8yxj4b16l98ms442mg19l6m0000gn/T/chromatic--80076-0Xb0PVLhfnEy/[22m[2massets/[22m[36mpreview-uxLrAxGd.js                    [39m[1m[2m    0.21 kB[22m[1m[22m[2m │ gzip:   0.19 kB[22m
[2m../../../../var/folders/rn/f8yxj4b16l98ms442mg19l6m0000gn/T/chromatic--80076-0Xb0PVLhfnEy/[22m[2massets/[22m[36mindex-jv8oznrL.js                      [39m[1m[2m    0.24 kB[22m[1m[22m[2m │ gzip:   0.18 kB[22m
[2m../../../../var/folders/rn/f8yxj4b16l98ms442mg19l6m0000gn/T/chromatic--80076-0Xb0PVLhfnEy/[22m[2massets/[22m[36mindex-dFT6efh8.js                      [39m[1m[2m    0.39 kB[22m[1m[22m[2m │ gzip:   0.26 kB[22m
[2m../../../../var/folders/rn/f8yxj4b16l98ms442mg19l6m0000gn/T/chromatic--80076-0Xb0PVLhfnEy/[22m[2massets/[22m[36mchevron-down-EQBZkmXk.js               [39m[1m[2m    0.46 kB[22m[1m[22m[2m │ gzip:   0.33 kB[22m
[2m../../../../var/folders/rn/f8yxj4b16l98ms442mg19l6m0000gn/T/chromatic--80076-0Xb0PVLhfnEy/[22m[2massets/[22m[36menvelope-ThM1DZx9.js                   [39m[1m[2m    0.53 kB[22m[1m[22m[2m │ gzip:   0.40 kB[22m
[2m../../../../var/folders/rn/f8yxj4b16l98ms442mg19l6m0000gn/T/chromatic--80076-0Xb0PVLhfnEy/[22m[2massets/[22m[36mxmark-EVl8_PAn.js                      [39m[1m[2m    0.55 kB[22m[1m[22m[2m │ gzip:   0.36 kB[22m
[2m../../../../var/folders/rn/f8yxj4b16l98ms442mg19l6m0000gn/T/chromatic--80076-0Xb0PVLhfnEy/[22m[2massets/[22m[36mcopy-aX5ZPAgK.js                       [39m[1m[2m    0.69 kB[22m[1m[22m[2m │ gzip:   0.43 kB[22m
[2m../../../../var/folders/rn/f8yxj4b16l98ms442mg19l6m0000gn/T/chromatic--80076-0Xb0PVLhfnEy/[22m[2massets/[22m[36mpreview-pF0Jw540.js                    [39m[1m[2m    0.71 kB[22m[1m[22m[2m │ gzip:   0.49 kB[22m
[2m../../../../var/folders/rn/f8yxj4b16l98ms442mg19l6m0000gn/T/chromatic--80076-0Xb0PVLhfnEy/[22m[2massets/[22m[36mindex-PPLHz8o0.js                      [39m[1m[2m    0.77 kB[22m[1m[22m[2m │ gzip:   0.47 kB[22m
[2m../../../../var/folders/rn/f8yxj4b16l98ms442mg19l6m0000gn/T/chromatic--80076-0Xb0PVLhfnEy/[22m[2massets/[22m[36mpreview-2r46J0Pz.js                    [39m[1m[2m    0.82 kB[22m[1m[22m[2m │ gzip:   0.49 kB[22m
[2m../../../../var/folders/rn/f8yxj4b16l98ms442mg19l6m0000gn/T/chromatic--80076-0Xb0PVLhfnEy/[22m[2massets/[22m[36mindex-xcpH3Qyj.js                      [39m[1m[2m    1.64 kB[22m[1m[22m[2m │ gzip:   0.84 kB[22m
[2m../../../../var/folders/rn/f8yxj4b16l98ms442mg19l6m0000gn/T/chromatic--80076-0Xb0PVLhfnEy/[22m[2massets/[22m[36mDocsRenderer-CFRXHY34-RTTxzoJk.js      [39m[1m[2m    2.00 kB[22m[1m[22m[2m │ gzip:   1.00 kB[22m
[2m../../../../var/folders/rn/f8yxj4b16l98ms442mg19l6m0000gn/T/chromatic--80076-0Xb0PVLhfnEy/[22m[2massets/[22m[36mentry-preview-KH7hWzAt.js              [39m[1m[2m    2.33 kB[22m[1m[22m[2m │ gzip:   1.26 kB[22m
[2m../../../../var/folders/rn/f8yxj4b16l98ms442mg19l6m0000gn/T/chromatic--80076-0Xb0PVLhfnEy/[22m[2massets/[22m[36mRangeSlider.stories-l8stOmgg.js        [39m[1m[2m    2.78 kB[22m[1m[22m[2m │ gzip:   1.19 kB[22m
[2m../../../../var/folders/rn/f8yxj4b16l98ms442mg19l6m0000gn/T/chromatic--80076-0Xb0PVLhfnEy/[22m[2massets/[22m[36mStepper.stories-XQOdZnAL.js            [39m[1m[2m    2.91 kB[22m[1m[22m[2m │ gzip:   1.30 kB[22m
[2m../../../../var/folders/rn/f8yxj4b16l98ms442mg19l6m0000gn/T/chromatic--80076-0Xb0PVLhfnEy/[22m[2massets/[22m[36mRatings.stories-Q2rokYUH.js            [39m[1m[2m    3.07 kB[22m[1m[22m[2m │ gzip:   1.38 kB[22m
[2m../../../../var/folders/rn/f8yxj4b16l98ms442mg19l6m0000gn/T/chromatic--80076-0Xb0PVLhfnEy/[22m[2massets/[22m[36mBreadcrumb.stories-F79fnTUb.js         [39m[1m[2m    3.12 kB[22m[1m[22m[2m │ gzip:   1.52 kB[22m
[2m../../../../var/folders/rn/f8yxj4b16l98ms442mg19l6m0000gn/T/chromatic--80076-0Xb0PVLhfnEy/[22m[2massets/[22m[36mAccordion.stories-9f7hB0jD.js          [39m[1m[2m    3.31 kB[22m[1m[22m[2m │ gzip:   1.48 kB[22m
[2m../../../../var/folders/rn/f8yxj4b16l98ms442mg19l6m0000gn/T/chromatic--80076-0Xb0PVLhfnEy/[22m[2massets/[22m[36mSpacing.stories-IHiOKVre.js            [39m[1m[2m    3.47 kB[22m[1m[22m[2m │ gzip:   1.53 kB[22m
[2m../../../../var/folders/rn/f8yxj4b16l98ms442mg19l6m0000gn/T/chromatic--80076-0Xb0PVLhfnEy/[22m[2massets/[22m[36mpreview-gRbY_kEB.js                    [39m[1m[2m    3.56 kB[22m[1m[22m[2m │ gzip:   1.72 kB[22m
[2m../../../../var/folders/rn/f8yxj4b16l98ms442mg19l6m0000gn/T/chromatic--80076-0Xb0PVLhfnEy/[22m[2massets/[22m[36mRadioButton.stories-r08g5wgy.js        [39m[1m[2m    3.69 kB[22m[1m[22m[2m │ gzip:   1.26 kB[22m
[2m../../../../var/folders/rn/f8yxj4b16l98ms442mg19l6m0000gn/T/chromatic--80076-0Xb0PVLhfnEy/[22m[2massets/[22m[36mTabs.stories-zLc3aB9A.js               [39m[1m[2m    3.70 kB[22m[1m[22m[2m │ gzip:   1.26 kB[22m
[2m../../../../var/folders/rn/f8yxj4b16l98ms442mg19l6m0000gn/T/chromatic--80076-0Xb0PVLhfnEy/[22m[2massets/[22m[36mTree.stories-vgC4VELw.js               [39m[1m[2m    3.74 kB[22m[1m[22m[2m │ gzip:   1.67 kB[22m
[2m../../../../var/folders/rn/f8yxj4b16l98ms442mg19l6m0000gn/T/chromatic--80076-0Xb0PVLhfnEy/[22m[2massets/[22m[36mShadow.stories-Z-RtRoNY.js             [39m[1m[2m    3.75 kB[22m[1m[22m[2m │ gzip:   1.55 kB[22m
[2m../../../../var/folders/rn/f8yxj4b16l98ms442mg19l6m0000gn/T/chromatic--80076-0Xb0PVLhfnEy/[22m[2massets/[22m[36mCorner.stories-XoyaVhWm.js             [39m[1m[2m    3.76 kB[22m[1m[22m[2m │ gzip:   1.55 kB[22m
[2m../../../../var/folders/rn/f8yxj4b16l98ms442mg19l6m0000gn/T/chromatic--80076-0Xb0PVLhfnEy/[22m[2massets/[22m[36mColor.stories-H-beb4E2.js              [39m[1m[2m    3.77 kB[22m[1m[22m[2m │ gzip:   1.72 kB[22m
[2m../../../../var/folders/rn/f8yxj4b16l98ms442mg19l6m0000gn/T/chromatic--80076-0Xb0PVLhfnEy/[22m[2massets/[22m[36mAlerts.stories-OKTRhTPy.js             [39m[1m[2m    3.85 kB[22m[1m[22m[2m │ gzip:   1.42 kB[22m
[2m../../../../var/folders/rn/f8yxj4b16l98ms442mg19l6m0000gn/T/chromatic--80076-0Xb0PVLhfnEy/[22m[2massets/[22m[36mCheckbox.stories-nK5s8b3J.js           [39m[1m[2m    3.92 kB[22m[1m[22m[2m │ gzip:   1.35 kB[22m
[2m../../../../var/folders/rn/f8yxj4b16l98ms442mg19l6m0000gn/T/chromatic--80076-0Xb0PVLhfnEy/[22m[2massets/[22m[36mTimeline.stories-BhDYjaLE.js           [39m[1m[2m    3.97 kB[22m[1m[22m[2m │ gzip:   1.49 kB[22m
[2m../../../../var/folders/rn/f8yxj4b16l98ms442mg19l6m0000gn/T/chromatic--80076-0Xb0PVLhfnEy/[22m[2massets/[22m[36mFont.stories-iqdO_-X_.js               [39m[1m[2m    4.55 kB[22m[1m[22m[2m │ gzip:   1.68 kB[22m
[2m../../../../var/folders/rn/f8yxj4b16l98ms442mg19l6m0000gn/T/chromatic--80076-0Xb0PVLhfnEy/[22m[2massets/[22m[36mSegmented.stories-vOewYiKT.js          [39m[1m[2m    4.80 kB[22m[1m[22m[2m │ gzip:   1.65 kB[22m
[2m../../../../var/folders/rn/f8yxj4b16l98ms442mg19l6m0000gn/T/chromatic--80076-0Xb0PVLhfnEy/[22m[2massets/[22m[36mpreview-wCp9WPam.js                    [39m[1m[2m    5.03 kB[22m[1m[22m[2m │ gzip:   1.86 kB[22m
[2m../../../../var/folders/rn/f8yxj4b16l98ms442mg19l6m0000gn/T/chromatic--80076-0Xb0PVLhfnEy/[22m[2massets/[22m[36mIcons.stories-jgVObZO1.js              [39m[1m[2m    5.50 kB[22m[1m[22m[2m │ gzip:   2.73 kB[22m
[2m../../../../var/folders/rn/f8yxj4b16l98ms442mg19l6m0000gn/T/chromatic--80076-0Xb0PVLhfnEy/[22m[2massets/[22m[36mNavbar.stories-brHG0oMu.js             [39m[1m[2m    6.08 kB[22m[1m[22m[2m │ gzip:   2.07 kB[22m
[2m../../../../var/folders/rn/f8yxj4b16l98ms442mg19l6m0000gn/T/chromatic--80076-0Xb0PVLhfnEy/[22m[2massets/[22m[36mButton.stories-zPSOuEJN.js             [39m[1m[2m    6.23 kB[22m[1m[22m[2m │ gzip:   1.92 kB[22m
[2m../../../../var/folders/rn/f8yxj4b16l98ms442mg19l6m0000gn/T/chromatic--80076-0Xb0PVLhfnEy/[22m[2massets/[22m[36mPagination.stories-NvK3vbrv.js         [39m[1m[2m    6.63 kB[22m[1m[22m[2m │ gzip:   2.30 kB[22m
[2m../../../../var/folders/rn/f8yxj4b16l98ms442mg19l6m0000gn/T/chromatic--80076-0Xb0PVLhfnEy/[22m[2massets/[22m[36mpreview-AFLxCOxy.js                    [39m[1m[2m    7.62 kB[22m[1m[22m[2m │ gzip:   1.57 kB[22m
[2m../../../../var/folders/rn/f8yxj4b16l98ms442mg19l6m0000gn/T/chromatic--80076-0Xb0PVLhfnEy/[22m[2massets/[22m[36miframe-Bq2LZ05K.js                     [39m[1m[2m    7.89 kB[22m[1m[22m[2m │ gzip:   2.42 kB[22m
[2m../../../../var/folders/rn/f8yxj4b16l98ms442mg19l6m0000gn/T/chromatic--80076-0Xb0PVLhfnEy/[22m[2massets/[22m[36mpreview-LXtT9aNu.js                    [39m[1m[2m    8.12 kB[22m[1m[22m[2m │ gzip:   3.08 kB[22m
[2m../../../../var/folders/rn/f8yxj4b16l98ms442mg19l6m0000gn/T/chromatic--80076-0Xb0PVLhfnEy/[22m[2massets/[22m[36mentry-preview-docs-rY47OvuK.js         [39m[1m[2m    8.15 kB[22m[1m[22m[2m │ gzip:   3.28 kB[22m
[2m../../../../var/folders/rn/f8yxj4b16l98ms442mg19l6m0000gn/T/chromatic--80076-0Xb0PVLhfnEy/[22m[2massets/[22m[36mFooter.stories-TtDFkUYP.js             [39m[1m[2m    8.43 kB[22m[1m[22m[2m │ gzip:   3.20 kB[22m
[2m../../../../var/folders/rn/f8yxj4b16l98ms442mg19l6m0000gn/T/chromatic--80076-0Xb0PVLhfnEy/[22m[2massets/[22m[36mIntro-5SEeA0Di.js                      [39m[1m[2m   25.70 kB[22m[1m[22m[2m │ gzip:  10.89 kB[22m
[2m../../../../var/folders/rn/f8yxj4b16l98ms442mg19l6m0000gn/T/chromatic--80076-0Xb0PVLhfnEy/[22m[2massets/[22m[36mColor-F6OSRLHC-KQws6njd.js             [39m[1m[2m   29.24 kB[22m[1m[22m[2m │ gzip:  10.87 kB[22m
[2m../../../../var/folders/rn/f8yxj4b16l98ms442mg19l6m0000gn/T/chromatic--80076-0Xb0PVLhfnEy/[22m[2massets/[22m[36mindex-gfRuJarM.js                      [39m[1m[2m   53.77 kB[22m[1m[22m[2m │ gzip:  15.50 kB[22m
[2m../../../../var/folders/rn/f8yxj4b16l98ms442mg19l6m0000gn/T/chromatic--80076-0Xb0PVLhfnEy/[22m[2massets/[22m[36mvue.esm-bundler-52zYJPZB.js            [39m[1m[2m  155.56 kB[22m[1m[22m[2m │ gzip:  58.21 kB[22m
[2m../../../../var/folders/rn/f8yxj4b16l98ms442mg19l6m0000gn/T/chromatic--80076-0Xb0PVLhfnEy/[22m[2massets/[22m[36mpreview-PplkyAJ9.js                    [39m[1m[33m  545.90 kB[39m[22m[2m │ gzip: 144.31 kB[22m
[2m../../../../var/folders/rn/f8yxj4b16l98ms442mg19l6m0000gn/T/chromatic--80076-0Xb0PVLhfnEy/[22m[2massets/[22m[36mindex-Msg8s1F_.js                      [39m[1m[33m1,031.13 kB[39m[22m[2m │ gzip: 322.23 kB[22m
[32m✓ built in 9.03s[39m
info => Preview built ([38;2;181;126;229m12 s[39m)
info => Output directory: /var/folders/rn/f8yxj4b16l98ms442mg19l6m0000gn/T/chromatic--80076-0Xb0PVLhfnEy
